<?xml version="1.0" encoding="UTF-8"?>
<!-- Generated by org.testng.reporters.JUnitReportReporter -->
<testsuite hostname="mondy" failures="0" tests="1" name="com.freeCRM.testcases.Example" time="0.022" errors="0" timestamp="2022-08-10T12:30:16 EET" skipped="0">
  <testcase classname="com.freeCRM.testcases.Example" name="printvalues" time="0.022"/>
  <system-out/>
</testsuite> <!-- com.freeCRM.testcases.Example -->
