<?xml version="1.0" encoding="UTF-8"?>
<!-- Generated by org.testng.reporters.JUnitReportReporter -->
<testsuite hostname="mondy" failures="0" tests="3" name="com.freeCRM.testcases.homepage" time="147.769" errors="0" timestamp="2022-08-11T20:44:07 EET" skipped="0">
  <testcase classname="com.freeCRM.testcases.homepage" name="clikoncontacts" time="45.213"/>
  <system-out/>
  <testcase classname="com.freeCRM.testcases.homepage" name="clikondeals" time="37.685"/>
  <system-out/>
  <testcase classname="com.freeCRM.testcases.homepage" name="clikonTasks" time="64.871"/>
  <system-out/>
</testsuite> <!-- com.freeCRM.testcases.homepage -->
